2023-Jul-29 08:50:30 Наличие необходимых модулей php (check_php_modules): Ok
Все необходимые модули установлены
2023-Jul-29 08:50:30 Обязательные параметры PHP (check_php_settings): Ok
Настройки правильные
2023-Jul-29 08:50:30 Модули веб-сервера (check_security): Ok
Конфликтов не выявлено
2023-Jul-29 08:50:30 Значения переменных сервера (check_server_vars): Ok
Корректные
2023-Jul-29 08:50:30 Сохранение сессии (check_session): Ok
50% done
2023-Jul-29 08:50:30 Параметры настройки UTF (mbstring и константа BX_UTF) (check_mbstring): Ok
Правильные. Сайт работает в UTF кодировке
2023-Jul-29 08:50:30 Служебные скрипты в корне сайта (check_install_scripts): Ok
Отсутствуют
2023-Jul-29 08:50:31 Работа с сокетами (check_socket): Ok
Connection to ssl://new.top-site.info:443	Success

Успешно
2023-Jul-29 08:50:31 Выполнение агентов на cron (check_bx_crontab): Warning
Замечание. Агенты выполняются на хитах, рекомендуется перевести выполнение агентов на cron
2023-Jul-29 12:20:38 Кодировка соединения (check_mysql_connection_charset): Ok
character_set_connection=utf8, collation_connection=utf8_unicode_ci, character_set_results=utf8
Успешно
